# JRE version: OpenJDK Runtime Environment JBR-21.0.7+6-1020.35-nomod (21.0.7+6) (build 21.0.7+6-b1020.35)
# Java VM: OpenJDK 64-Bit Server VM JBR-21.0.7+6-1020.35-nomod (21.0.7+6-b1020.35, mixed mode, emulated-client, sharing, tiered, compressed oops, compressed class ptrs, g1 gc, windows-amd64)
GC Precious Log:
 CardTable entry size: 512
 Card Set container configuration: InlinePtr #cards 5 size 8 Array Of Cards #cards 12 size 40 Howl #buckets 4 coarsen threshold 1843 Howl Bitmap #cards 512 size 80 coarsen threshold 460 Card regions per heap region 1 cards per card region 2048
 CPUs: 4 total, 4 available
 Memory: 3459M
 Large Page Support: Disabled
 NUMA Support: Disabled
 Compressed Oops: Enabled (32-bit)
 Heap Region Size: 1M
 Heap Min Capacity: 8M
 Heap Initial Capacity: 56M
 Heap Max Capacity: 866M
 Pre-touch: Disabled
 Parallel Workers: 4
 Concurrent Workers: 1
 Concurrent Refinement Workers: 4
 Periodic GC: Disabled
Heap:
 garbage-first heap   total 69632K, used 37110K [0x00000000c9e00000, 0x0000000100000000)
  region size 1024K, 3 young (3072K), 3 survivors (3072K)
 Metaspace       used 63693K, committed 64384K, reserved 1114112K
  class space    used 9129K, committed 9472K, reserved 1048576K
GC Heap History (20 events):
Event: 5.037 GC heap after
{Heap after GC invocations=8 (full 0):
 garbage-first heap   total 57344K, used 19071K [0x00000000c9e00000, 0x0000000100000000)
  region size 1024K, 4 young (4096K), 4 survivors (4096K)
 Metaspace       used 23937K, committed 24256K, reserved 1114112K
  class space    used 3318K, committed 3456K, reserved 1048576K
}
Event: 5.993 GC heap before
{Heap before GC invocations=8 (full 0):
 garbage-first heap   total 57344K, used 46719K [0x00000000c9e00000, 0x0000000100000000)
  region size 1024K, 31 young (31744K), 4 survivors (4096K)
 Metaspace       used 28493K, committed 28864K, reserved 1114112K
  class space    used 3949K, committed 4096K, reserved 1048576K
}
Event: 6.016 GC heap after
{Heap after GC invocations=9 (full 0):
 garbage-first heap   total 69632K, used 20674K [0x00000000c9e00000, 0x0000000100000000)
  region size 1024K, 4 young (4096K), 4 survivors (4096K)
 Metaspace       used 28493K, committed 28864K, reserved 1114112K
  class space    used 3949K, committed 4096K, reserved 1048576K
}
Event: 6.904 GC heap before
{Heap before GC invocations=9 (full 0):
 garbage-first heap   total 69632K, used 55490K [0x00000000c9e00000, 0x0000000100000000)
  region size 1024K, 38 young (38912K), 4 survivors (4096K)
 Metaspace       used 33178K, committed 33728K, reserved 1114112K
  class space    used 4589K, committed 4864K, reserved 1048576K
}
Event: 6.929 GC heap after
{Heap after GC invocations=10 (full 0):
 garbage-first heap   total 69632K, used 23570K [0x00000000c9e00000, 0x0000000100000000)
  region size 1024K, 5 young (5120K), 5 survivors (5120K)
 Metaspace       used 33178K, committed 33728K, reserved 1114112K
  class space    used 4589K, committed 4864K, reserved 1048576K
}
Event: 7.419 GC heap before
{Heap before GC invocations=10 (full 0):
 garbage-first heap   total 69632K, used 44050K [0x00000000c9e00000, 0x0000000100000000)
  region size 1024K, 26 young (26624K), 5 survivors (5120K)
 Metaspace       used 35427K, committed 35968K, reserved 1114112K
  class space    used 4904K, committed 5184K, reserved 1048576K
}
Event: 7.428 GC heap after
{Heap after GC invocations=11 (full 0):
 garbage-first heap   total 69632K, used 25318K [0x00000000c9e00000, 0x0000000100000000)
  region size 1024K, 2 young (2048K), 2 survivors (2048K)
 Metaspace       used 35427K, committed 35968K, reserved 1114112K
  class space    used 4904K, committed 5184K, reserved 1048576K
}
Event: 8.793 GC heap before
{Heap before GC invocations=12 (full 0):
 garbage-first heap   total 69632K, used 60134K [0x00000000c9e00000, 0x0000000100000000)
  region size 1024K, 36 young (36864K), 2 survivors (2048K)
 Metaspace       used 43882K, committed 44416K, reserved 1114112K
  class space    used 6118K, committed 6336K, reserved 1048576K
}
Event: 8.801 GC heap after
{Heap after GC invocations=13 (full 0):
 garbage-first heap   total 69632K, used 26871K [0x00000000c9e00000, 0x0000000100000000)
  region size 1024K, 4 young (4096K), 4 survivors (4096K)
 Metaspace       used 43882K, committed 44416K, reserved 1114112K
  class space    used 6118K, committed 6336K, reserved 1048576K
}
Event: 10.116 GC heap before
{Heap before GC invocations=13 (full 0):
 garbage-first heap   total 69632K, used 60663K [0x00000000c9e00000, 0x0000000100000000)
  region size 1024K, 37 young (37888K), 4 survivors (4096K)
 Metaspace       used 52558K, committed 53120K, reserved 1114112K
  class space    used 7362K, committed 7616K, reserved 1048576K
}
Event: 10.135 GC heap after
{Heap after GC invocations=14 (full 0):
 garbage-first heap   total 69632K, used 27745K [0x00000000c9e00000, 0x0000000100000000)
  region size 1024K, 4 young (4096K), 4 survivors (4096K)
 Metaspace       used 52558K, committed 53120K, reserved 1114112K
  class space    used 7362K, committed 7616K, reserved 1048576K
}
Event: 11.540 GC heap before
{Heap before GC invocations=14 (full 0):
 garbage-first heap   total 69632K, used 60513K [0x00000000c9e00000, 0x0000000100000000)
  region size 1024K, 36 young (36864K), 4 survivors (4096K)
 Metaspace       used 57766K, committed 58368K, reserved 1114112K
  class space    used 8193K, committed 8448K, reserved 1048576K
}
Event: 11.553 GC heap after
{Heap after GC invocations=15 (full 0):
 garbage-first heap   total 69632K, used 30109K [0x00000000c9e00000, 0x0000000100000000)
  region size 1024K, 4 young (4096K), 4 survivors (4096K)
 Metaspace       used 57766K, committed 58368K, reserved 1114112K
  class space    used 8193K, committed 8448K, reserved 1048576K
}
Event: 11.853 GC heap before
{Heap before GC invocations=15 (full 0):
 garbage-first heap   total 69632K, used 40349K [0x00000000c9e00000, 0x0000000100000000)
  region size 1024K, 15 young (15360K), 4 survivors (4096K)
 Metaspace       used 59700K, committed 60288K, reserved 1114112K
  class space    used 8440K, committed 8704K, reserved 1048576K
}
Event: 11.862 GC heap after
{Heap after GC invocations=16 (full 0):
 garbage-first heap   total 69632K, used 30696K [0x00000000c9e00000, 0x0000000100000000)
  region size 1024K, 3 young (3072K), 3 survivors (3072K)
 Metaspace       used 59700K, committed 60288K, reserved 1114112K
  class space    used 8440K, committed 8704K, reserved 1048576K
}
Event: 13.975 GC heap before
{Heap before GC invocations=17 (full 0):
 garbage-first heap   total 69632K, used 61416K [0x00000000c9e00000, 0x0000000100000000)
  region size 1024K, 33 young (33792K), 3 survivors (3072K)
 Metaspace       used 60833K, committed 61440K, reserved 1114112K
  class space    used 8689K, committed 8960K, reserved 1048576K
}
Event: 13.983 GC heap after
{Heap after GC invocations=18 (full 0):
 garbage-first heap   total 69632K, used 32083K [0x00000000c9e00000, 0x0000000100000000)
  region size 1024K, 4 young (4096K), 4 survivors (4096K)
 Metaspace       used 60833K, committed 61440K, reserved 1114112K
  class space    used 8689K, committed 8960K, reserved 1048576K
}
Event: 16.235 GC heap before
{Heap before GC invocations=18 (full 0):
 garbage-first heap   total 69632K, used 60755K [0x00000000c9e00000, 0x0000000100000000)
  region size 1024K, 32 young (32768K), 4 survivors (4096K)
 Metaspace       used 62415K, committed 63040K, reserved 1114112K
  class space    used 8948K, committed 9280K, reserved 1048576K
}
Event: 16.285 GC heap after
{Heap after GC invocations=19 (full 0):
 garbage-first heap   total 69632K, used 34049K [0x00000000c9e00000, 0x0000000100000000)
  region size 1024K, 4 young (4096K), 4 survivors (4096K)
 Metaspace       used 62415K, committed 63040K, reserved 1114112K
  class space    used 8948K, committed 9280K, reserved 1048576K
}
Event: 17.665 GC heap before
{Heap before GC invocations=19 (full 0):
 garbage-first heap   total 69632K, used 60673K [0x00000000c9e00000, 0x0000000100000000)
  region size 1024K, 30 young (30720K), 4 survivors (4096K)
 Metaspace       used 63693K, committed 64384K, reserved 1114112K
  class space    used 9129K, committed 9472K, reserved 1048576K
}

